Files already downloaded and verified
Files already downloaded and verified
Beginning Training...
Beginning evaluation...
[Epoch 1] Validation accuracy: 0.517
Beginning evaluation...
[Epoch 2] Validation accuracy: 0.559
Beginning evaluation...
[Epoch 3] Validation accuracy: 0.570
Beginning evaluation...
[Epoch 4] Validation accuracy: 0.582
Beginning evaluation...
[Epoch 5] Validation accuracy: 0.581
Beginning evaluation...
[Epoch 6] Validation accuracy: 0.585
Beginning evaluation...
[Epoch 7] Validation accuracy: 0.596
Beginning evaluation...
[Epoch 8] Validation accuracy: 0.593
Beginning evaluation...
[Epoch 9] Validation accuracy: 0.599
Beginning evaluation...
[Epoch 10] Validation accuracy: 0.600
Beginning evaluation...
[Epoch 11] Validation accuracy: 0.608
Beginning evaluation...
[Epoch 12] Validation accuracy: 0.603
Beginning evaluation...
[Epoch 13] Validation accuracy: 0.602
Beginning evaluation...
[Epoch 14] Validation accuracy: 0.604
Beginning evaluation...
[Epoch 15] Validation accuracy: 0.608
Beginning evaluation...
[Epoch 16] Validation accuracy: 0.599
Beginning evaluation...
[Epoch 17] Validation accuracy: 0.607
Beginning evaluation...
[Epoch 18] Validation accuracy: 0.607
Beginning evaluation...
[Epoch 19] Validation accuracy: 0.607
Beginning evaluation...
[Epoch 20] Validation accuracy: 0.606
Beginning evaluation...
[Epoch 21] Validation accuracy: 0.611
Beginning evaluation...
[Epoch 22] Validation accuracy: 0.614
Beginning evaluation...
[Epoch 23] Validation accuracy: 0.613
Beginning evaluation...
[Epoch 24] Validation accuracy: 0.614
Beginning evaluation...
[Epoch 25] Validation accuracy: 0.612
Beginning evaluation...
[Epoch 26] Validation accuracy: 0.612
Beginning evaluation...
[Epoch 27] Validation accuracy: 0.609
Beginning evaluation...
[Epoch 28] Validation accuracy: 0.617
Beginning evaluation...
[Epoch 29] Validation accuracy: 0.609
Beginning evaluation...
[Epoch 30] Validation accuracy: 0.616
Files already downloaded and verified
Beginning evaluation...
Accuracy of ResNet18 on the test set: 0.603
