/home/lcur0630/.conda/envs/dl2022/lib/python3.10/site-packages/torch/utils/data/dataloader.py:554: UserWarning: This DataLoader will create 4 worker processes in total. Our suggested max number of worker in current system is 3, which is smaller than what this DataLoader is going to create. Please be aware that excessive worker creation might get DataLoader running slow or even freeze, lower the worker number to avoid potential slowness/freeze if necessary.
  warnings.warn(_create_warning_msg(
/home/lcur0630/.conda/envs/dl2022/lib/python3.10/site-packages/pytorch_lightning/trainer/connectors/accelerator_connector.py:447: LightningDeprecationWarning: Setting `Trainer(gpus=1)` is deprecated in v1.7 and will be removed in v2.0. Please use `Trainer(accelerator='gpu', devices=1)` instead.
  rank_zero_deprecation(
Multiprocessing is handled by SLURM.
GPU available: True (cuda), used: True
TPU available: False, using: 0 TPU cores
IPU available: False, using: 0 IPUs
HPU available: False, using: 0 HPUs
[INFO] The progress bar has been suppressed. For updates on the training progress, check the TensorBoard file at VAE_logs/lightning_logs/version_10465012. If you want to see the progress bar, use the argparse option "progress_bar".

Global seed set to 42
/home/lcur0630/.conda/envs/dl2022/lib/python3.10/site-packages/pytorch_lightning/trainer/configuration_validator.py:267: LightningDeprecationWarning: The `Callback.on_epoch_end` hook was deprecated in v1.6 and will be removed in v1.8. Please use `Callback.on_<train/validation/test>_epoch_end` instead.
  rank_zero_deprecation(
LOCAL_RANK: 0 - CUDA_VISIBLE_DEVICES: [0]

  | Name    | Type       | Params
---------------------------------------
0 | encoder | CNNEncoder | 142 K 
1 | decoder | CNNDecoder | 127 K 
---------------------------------------
270 K     Trainable params
0         Non-trainable params
270 K     Total params
1.082     Total estimated model params size (MB)
SLURM auto-requeueing enabled. Setting signal handlers.
