Files already downloaded and verified
Files already downloaded and verified
Beginning Training...
Beginning evaluation...
[Epoch 1] Validation accuracy: 0.539
Beginning evaluation...
[Epoch 2] Validation accuracy: 0.564
Beginning evaluation...
[Epoch 3] Validation accuracy: 0.575
Beginning evaluation...
[Epoch 4] Validation accuracy: 0.584
Beginning evaluation...
[Epoch 5] Validation accuracy: 0.580
Beginning evaluation...
[Epoch 6] Validation accuracy: 0.583
Beginning evaluation...
[Epoch 7] Validation accuracy: 0.587
Beginning evaluation...
[Epoch 8] Validation accuracy: 0.589
Beginning evaluation...
[Epoch 9] Validation accuracy: 0.592
Beginning evaluation...
[Epoch 10] Validation accuracy: 0.589
Beginning evaluation...
[Epoch 11] Validation accuracy: 0.595
Beginning evaluation...
[Epoch 12] Validation accuracy: 0.591
Beginning evaluation...
[Epoch 13] Validation accuracy: 0.583
Beginning evaluation...
[Epoch 14] Validation accuracy: 0.586
Beginning evaluation...
[Epoch 15] Validation accuracy: 0.591
Beginning evaluation...
[Epoch 16] Validation accuracy: 0.589
Beginning evaluation...
[Epoch 17] Validation accuracy: 0.588
Beginning evaluation...
[Epoch 18] Validation accuracy: 0.591
Beginning evaluation...
[Epoch 19] Validation accuracy: 0.588
Beginning evaluation...
[Epoch 20] Validation accuracy: 0.590
Beginning evaluation...
[Epoch 21] Validation accuracy: 0.589
Beginning evaluation...
[Epoch 22] Validation accuracy: 0.586
Beginning evaluation...
[Epoch 23] Validation accuracy: 0.586
Beginning evaluation...
[Epoch 24] Validation accuracy: 0.588
Beginning evaluation...
[Epoch 25] Validation accuracy: 0.585
Beginning evaluation...
[Epoch 26] Validation accuracy: 0.584
Beginning evaluation...
[Epoch 27] Validation accuracy: 0.588
Beginning evaluation...
[Epoch 28] Validation accuracy: 0.586
Beginning evaluation...
[Epoch 29] Validation accuracy: 0.590
Beginning evaluation...
[Epoch 30] Validation accuracy: 0.583
Files already downloaded and verified
Beginning evaluation...
Accuracy of ResNet18 on the test set: 0.585
